{"/Users/bertieblackman/Projects/personal/tv-shows-lambda/lambda/constants/index.ts": {"path":"/Users/bertieblackman/Projects/personal/tv-shows-lambda/lambda/constants/index.ts","statementMap":{"0":{"start":{"line":3,"column":13},"end":{"line":3,"column":null}},"1":{"start":{"line":5,"column":13},"end":{"line":74,"column":null}}},"fnMap":{},"branchMap":{},"s":{"0":2,"1":2},"f":{},"b":{}}
,"/Users/bertieblackman/Projects/personal/tv-shows-lambda/lambda/handlers/email.ts": {"path":"/Users/bertieblackman/Projects/personal/tv-shows-lambda/lambda/handlers/email.ts","statementMap":{"0":{"start":{"line":1,"column":0},"end":{"line":1,"column":93}},"1":{"start":{"line":2,"column":0},"end":{"line":2,"column":49}},"2":{"start":{"line":6,"column":32},"end":{"line":26,"column":1}},"3":{"start":{"line":7,"column":17},"end":{"line":7,"column":45}},"4":{"start":{"line":8,"column":26},"end":{"line":8,"column":54}},"5":{"start":{"line":10,"column":2},"end":{"line":12,"column":null}},"6":{"start":{"line":11,"column":4},"end":{"line":11,"column":null}},"7":{"start":{"line":14,"column":2},"end":{"line":16,"column":null}},"8":{"start":{"line":15,"column":4},"end":{"line":15,"column":null}},"9":{"start":{"line":18,"column":2},"end":{"line":25,"column":null}},"10":{"start":{"line":19,"column":34},"end":{"line":19,"column":87}},"11":{"start":{"line":20,"column":31},"end":{"line":20,"column":100}},"12":{"start":{"line":20,"column":68},"end":{"line":20,"column":99}},"13":{"start":{"line":22,"column":4},"end":{"line":22,"column":null}},"14":{"start":{"line":24,"column":4},"end":{"line":24,"column":null}},"15":{"start":{"line":6,"column":13},"end":{"line":6,"column":32}}},"fnMap":{"0":{"name":"(anonymous_0)","decl":{"start":{"line":6,"column":32},"end":{"line":6,"column":37}},"loc":{"start":{"line":6,"column":43},"end":{"line":26,"column":1}}},"1":{"name":"(anonymous_1)","decl":{"start":{"line":20,"column":60},"end":{"line":20,"column":64}},"loc":{"start":{"line":20,"column":68},"end":{"line":20,"column":99}}}},"branchMap":{"0":{"loc":{"start":{"line":10,"column":2},"end":{"line":12,"column":null}},"type":"if","locations":[{"start":{"line":10,"column":2},"end":{"line":12,"column":null}},{"start":{"line":10,"column":2},"end":{"line":12,"column":null}}]},"1":{"loc":{"start":{"line":14,"column":2},"end":{"line":16,"column":null}},"type":"if","locations":[{"start":{"line":14,"column":2},"end":{"line":16,"column":null}},{"start":{"line":14,"column":2},"end":{"line":16,"column":null}}]}},"s":{"0":1,"1":1,"2":1,"3":6,"4":6,"5":6,"6":1,"7":5,"8":1,"9":4,"10":4,"11":4,"12":4,"13":4,"14":0,"15":1},"f":{"0":6,"1":4},"b":{"0":[1,5],"1":[1,4]}}
,"/Users/bertieblackman/Projects/personal/tv-shows-lambda/lambda/handlers/get.ts": {"path":"/Users/bertieblackman/Projects/personal/tv-shows-lambda/lambda/handlers/get.ts","statementMap":{"0":{"start":{"line":7,"column":0},"end":{"line":7,"column":61}},"1":{"start":{"line":8,"column":0},"end":{"line":8,"column":49}},"2":{"start":{"line":11,"column":23},"end":{"line":28,"column":1}},"3":{"start":{"line":15,"column":2},"end":{"line":22,"column":null}},"4":{"start":{"line":16,"column":31},"end":{"line":16,"column":100}},"5":{"start":{"line":16,"column":68},"end":{"line":16,"column":99}},"6":{"start":{"line":18,"column":4},"end":{"line":21,"column":null}},"7":{"start":{"line":24,"column":2},"end":{"line":27,"column":null}},"8":{"start":{"line":11,"column":13},"end":{"line":11,"column":23}},"9":{"start":{"line":30,"column":23},"end":{"line":64,"column":1}},"10":{"start":{"line":33,"column":17},"end":{"line":33,"column":45}},"11":{"start":{"line":35,"column":36},"end":{"line":35,"column":41}},"12":{"start":{"line":37,"column":2},"end":{"line":63,"column":null}},"13":{"start":{"line":38,"column":4},"end":{"line":40,"column":null}},"14":{"start":{"line":39,"column":6},"end":{"line":39,"column":null}},"15":{"start":{"line":42,"column":34},"end":{"line":42,"column":87}},"16":{"start":{"line":44,"column":4},"end":{"line":57,"column":null}},"17":{"start":{"line":59,"column":4},"end":{"line":62,"column":null}},"18":{"start":{"line":30,"column":13},"end":{"line":30,"column":23}}},"fnMap":{"0":{"name":"(anonymous_0)","decl":{"start":{"line":11,"column":23},"end":{"line":11,"column":null}},"loc":{"start":{"line":14,"column":12},"end":{"line":28,"column":1}}},"1":{"name":"(anonymous_1)","decl":{"start":{"line":16,"column":60},"end":{"line":16,"column":64}},"loc":{"start":{"line":16,"column":68},"end":{"line":16,"column":99}}},"2":{"name":"(anonymous_2)","decl":{"start":{"line":30,"column":23},"end":{"line":30,"column":28}},"loc":{"start":{"line":32,"column":48},"end":{"line":64,"column":1}}}},"branchMap":{"0":{"loc":{"start":{"line":15,"column":2},"end":{"line":22,"column":null}},"type":"if","locations":[{"start":{"line":15,"column":2},"end":{"line":22,"column":null}},{"start":{"line":15,"column":2},"end":{"line":22,"column":null}}]},"1":{"loc":{"start":{"line":15,"column":27},"end":{"line":15,"column":29}},"type":"cond-expr","locations":[{"start":{"line":15,"column":27},"end":{"line":15,"column":29}},{"start":{"line":15,"column":6},"end":{"line":15,"column":47}}]},"2":{"loc":{"start":{"line":15,"column":6},"end":{"line":15,"column":29}},"type":"binary-expr","locations":[{"start":{"line":15,"column":6},"end":{"line":15,"column":29}},{"start":{"line":15,"column":6},"end":{"line":15,"column":29}}]},"3":{"loc":{"start":{"line":38,"column":4},"end":{"line":40,"column":null}},"type":"if","locations":[{"start":{"line":38,"column":4},"end":{"line":40,"column":null}},{"start":{"line":38,"column":4},"end":{"line":40,"column":null}}]}},"s":{"0":1,"1":1,"2":1,"3":7,"4":3,"5":6,"6":3,"7":4,"8":1,"9":1,"10":5,"11":5,"12":5,"13":5,"14":1,"15":4,"16":4,"17":1,"18":1},"f":{"0":7,"1":6,"2":5},"b":{"0":[3,4],"1":[3,4],"2":[7,7],"3":[1,4]}}
,"/Users/bertieblackman/Projects/personal/tv-shows-lambda/lambda/utils/generate-message-body.ts": {"path":"/Users/bertieblackman/Projects/personal/tv-shows-lambda/lambda/utils/generate-message-body.ts","statementMap":{"0":{"start":{"line":4,"column":56},"end":{"line":21,"column":1}},"1":{"start":{"line":5,"column":20},"end":{"line":5,"column":25}},"2":{"start":{"line":7,"column":2},"end":{"line":9,"column":null}},"3":{"start":{"line":8,"column":4},"end":{"line":8,"column":null}},"4":{"start":{"line":11,"column":2},"end":{"line":13,"column":null}},"5":{"start":{"line":12,"column":4},"end":{"line":12,"column":null}},"6":{"start":{"line":15,"column":20},"end":{"line":15,"column":63}},"7":{"start":{"line":15,"column":51},"end":{"line":15,"column":62}},"8":{"start":{"line":16,"column":22},"end":{"line":16,"column":65}},"9":{"start":{"line":16,"column":53},"end":{"line":16,"column":64}},"10":{"start":{"line":18,"column":2},"end":{"line":20,"column":null}},"11":{"start":{"line":18,"column":36},"end":{"line":18,"column":45}},"12":{"start":{"line":4,"column":13},"end":{"line":4,"column":56}}},"fnMap":{"0":{"name":"(anonymous_0)","decl":{"start":{"line":4,"column":56},"end":{"line":4,"column":61}},"loc":{"start":{"line":4,"column":64},"end":{"line":21,"column":1}}},"1":{"name":"(anonymous_1)","decl":{"start":{"line":15,"column":37},"end":{"line":15,"column":38}},"loc":{"start":{"line":15,"column":51},"end":{"line":15,"column":62}}},"2":{"name":"(anonymous_2)","decl":{"start":{"line":16,"column":39},"end":{"line":16,"column":40}},"loc":{"start":{"line":16,"column":53},"end":{"line":16,"column":64}}},"3":{"name":"(anonymous_3)","decl":{"start":{"line":18,"column":28},"end":{"line":18,"column":32}},"loc":{"start":{"line":18,"column":36},"end":{"line":18,"column":45}}}},"branchMap":{"0":{"loc":{"start":{"line":7,"column":2},"end":{"line":9,"column":null}},"type":"if","locations":[{"start":{"line":7,"column":2},"end":{"line":9,"column":null}},{"start":{"line":7,"column":2},"end":{"line":9,"column":null}}]},"1":{"loc":{"start":{"line":7,"column":6},"end":{"line":7,"column":16}},"type":"binary-expr","locations":[{"start":{"line":7,"column":6},"end":{"line":7,"column":16}},{"start":{"line":7,"column":20},"end":{"line":7,"column":40}}]},"2":{"loc":{"start":{"line":11,"column":2},"end":{"line":13,"column":null}},"type":"if","locations":[{"start":{"line":11,"column":2},"end":{"line":13,"column":null}},{"start":{"line":11,"column":2},"end":{"line":13,"column":null}}]}},"s":{"0":4,"1":4,"2":4,"3":1,"4":3,"5":1,"6":2,"7":5,"8":2,"9":5,"10":2,"11":3,"12":4},"f":{"0":4,"1":5,"2":5,"3":3},"b":{"0":[1,3],"1":[4,4],"2":[1,2]}}
,"/Users/bertieblackman/Projects/personal/tv-shows-lambda/lambda/utils/get-shows-with-details.ts": {"path":"/Users/bertieblackman/Projects/personal/tv-shows-lambda/lambda/utils/get-shows-with-details.ts","statementMap":{"0":{"start":{"line":1,"column":0},"end":{"line":1,"column":21}},"1":{"start":{"line":10,"column":56},"end":{"line":20,"column":null}},"2":{"start":{"line":11,"column":2},"end":{"line":20,"column":null}},"3":{"start":{"line":13,"column":6},"end":{"line":19,"column":null}},"4":{"start":{"line":14,"column":25},"end":{"line":14,"column":78}},"5":{"start":{"line":15,"column":56},"end":{"line":15,"column":81}},"6":{"start":{"line":16,"column":8},"end":{"line":16,"column":null}},"7":{"start":{"line":18,"column":8},"end":{"line":18,"column":null}},"8":{"start":{"line":10,"column":13},"end":{"line":10,"column":56}}},"fnMap":{"0":{"name":"(anonymous_1)","decl":{"start":{"line":10,"column":56},"end":{"line":10,"column":57}},"loc":{"start":{"line":11,"column":2},"end":{"line":20,"column":null}}},"1":{"name":"(anonymous_2)","decl":{"start":{"line":12,"column":16},"end":{"line":12,"column":21}},"loc":{"start":{"line":12,"column":30},"end":{"line":20,"column":5}}}},"branchMap":{},"s":{"0":4,"1":4,"2":3,"3":3,"4":3,"5":2,"6":2,"7":1,"8":4},"f":{"0":3,"1":3},"b":{}}
,"/Users/bertieblackman/Projects/personal/tv-shows-lambda/lambda/utils/has-new-episode.ts": {"path":"/Users/bertieblackman/Projects/personal/tv-shows-lambda/lambda/utils/has-new-episode.ts","statementMap":{"0":{"start":{"line":1,"column":0},"end":{"line":1,"column":53}},"1":{"start":{"line":4,"column":44},"end":{"line":5,"column":52}},"2":{"start":{"line":5,"column":2},"end":{"line":5,"column":52}},"3":{"start":{"line":4,"column":13},"end":{"line":4,"column":44}}},"fnMap":{"0":{"name":"(anonymous_0)","decl":{"start":{"line":4,"column":44},"end":{"line":4,"column":49}},"loc":{"start":{"line":5,"column":2},"end":{"line":5,"column":52}}}},"branchMap":{},"s":{"0":4,"1":4,"2":2,"3":4},"f":{"0":2},"b":{}}
,"/Users/bertieblackman/Projects/personal/tv-shows-lambda/lambda/utils/index.ts": {"path":"/Users/bertieblackman/Projects/personal/tv-shows-lambda/lambda/utils/index.ts","statementMap":{"0":{"start":{"line":1,"column":0},"end":{"line":1,"column":9}},"1":{"start":{"line":6,"column":9},"end":{"line":1,"column":62}},"2":{"start":{"line":2,"column":0},"end":{"line":2,"column":9}},"3":{"start":{"line":6,"column":30},"end":{"line":2,"column":40}},"4":{"start":{"line":3,"column":0},"end":{"line":3,"column":9}},"5":{"start":{"line":6,"column":41},"end":{"line":3,"column":49}},"6":{"start":{"line":4,"column":0},"end":{"line":4,"column":9}},"7":{"start":{"line":6,"column":56},"end":{"line":4,"column":61}}},"fnMap":{"0":{"name":"(anonymous_0)","decl":{"start":{"line":6,"column":9},"end":{"line":6,"column":28}},"loc":{"start":{"line":6,"column":9},"end":{"line":1,"column":62}}},"1":{"name":"(anonymous_1)","decl":{"start":{"line":6,"column":30},"end":{"line":6,"column":39}},"loc":{"start":{"line":6,"column":30},"end":{"line":2,"column":40}}},"2":{"name":"(anonymous_2)","decl":{"start":{"line":6,"column":41},"end":{"line":6,"column":54}},"loc":{"start":{"line":6,"column":41},"end":{"line":3,"column":49}}},"3":{"name":"(anonymous_3)","decl":{"start":{"line":6,"column":56},"end":{"line":6,"column":75}},"loc":{"start":{"line":6,"column":56},"end":{"line":4,"column":61}}}},"branchMap":{},"s":{"0":4,"1":7,"2":4,"3":5,"4":4,"5":6,"6":4,"7":8},"f":{"0":3,"1":1,"2":2,"3":4},"b":{}}
,"/Users/bertieblackman/Projects/personal/tv-shows-lambda/lambda/utils/send-email.ts": {"path":"/Users/bertieblackman/Projects/personal/tv-shows-lambda/lambda/utils/send-email.ts","statementMap":{"0":{"start":{"line":1,"column":0},"end":{"line":1,"column":29}},"1":{"start":{"line":4,"column":36},"end":{"line":21,"column":1}},"2":{"start":{"line":5,"column":14},"end":{"line":5,"column":46}},"3":{"start":{"line":7,"column":45},"end":{"line":18,"column":null}},"4":{"start":{"line":20,"column":2},"end":{"line":20,"column":null}},"5":{"start":{"line":4,"column":13},"end":{"line":4,"column":36}}},"fnMap":{"0":{"name":"(anonymous_0)","decl":{"start":{"line":4,"column":36},"end":{"line":4,"column":37}},"loc":{"start":{"line":4,"column":69},"end":{"line":21,"column":1}}}},"branchMap":{},"s":{"0":4,"1":4,"2":1,"3":1,"4":1,"5":4},"f":{"0":1},"b":{}}
,"/Users/bertieblackman/Projects/personal/tv-shows-lambda/lib/tv-shows-lambda-stack.ts": {"path":"/Users/bertieblackman/Projects/personal/tv-shows-lambda/lib/tv-shows-lambda-stack.ts","statementMap":{"0":{"start":{"line":1,"column":0},"end":{"line":1,"column":54}},"1":{"start":{"line":2,"column":0},"end":{"line":2,"column":89}},"2":{"start":{"line":4,"column":0},"end":{"line":4,"column":55}},"3":{"start":{"line":5,"column":0},"end":{"line":5,"column":51}},"4":{"start":{"line":14,"column":4},"end":{"line":14,"column":null}},"5":{"start":{"line":16,"column":40},"end":{"line":16,"column":45}},"6":{"start":{"line":18,"column":23},"end":{"line":20,"column":6}},"7":{"start":{"line":22,"column":4},"end":{"line":27,"column":null}},"8":{"start":{"line":29,"column":4},"end":{"line":31,"column":null}},"9":{"start":{"line":33,"column":4},"end":{"line":37,"column":null}},"10":{"start":{"line":39,"column":4},"end":{"line":42,"column":null}},"11":{"start":{"line":12,"column":0},"end":{"line":12,"column":13}}},"fnMap":{"0":{"name":"(anonymous_0)","decl":{"start":{"line":13,"column":2},"end":{"line":13,"column":14}},"loc":{"start":{"line":13,"column":63},"end":{"line":43,"column":3}}}},"branchMap":{},"s":{"0":1,"1":1,"2":1,"3":1,"4":1,"5":1,"6":1,"7":1,"8":1,"9":1,"10":1,"11":1},"f":{"0":1},"b":{}}
,"/Users/bertieblackman/Projects/personal/tv-shows-lambda/lib/constructs/email-lambda.ts": {"path":"/Users/bertieblackman/Projects/personal/tv-shows-lambda/lib/constructs/email-lambda.ts","statementMap":{"0":{"start":{"line":1,"column":0},"end":{"line":1,"column":53}},"1":{"start":{"line":2,"column":0},"end":{"line":2,"column":61}},"2":{"start":{"line":3,"column":0},"end":{"line":3,"column":52}},"3":{"start":{"line":4,"column":0},"end":{"line":4,"column":60}},"4":{"start":{"line":15,"column":4},"end":{"line":15,"column":null}},"5":{"start":{"line":17,"column":52},"end":{"line":17,"column":57}},"6":{"start":{"line":19,"column":24},"end":{"line":28,"column":6}},"7":{"start":{"line":30,"column":34},"end":{"line":30,"column":65}},"8":{"start":{"line":32,"column":4},"end":{"line":35,"column":null}},"9":{"start":{"line":13,"column":0},"end":{"line":13,"column":13}}},"fnMap":{"0":{"name":"(anonymous_0)","decl":{"start":{"line":14,"column":2},"end":{"line":14,"column":14}},"loc":{"start":{"line":14,"column":69},"end":{"line":36,"column":3}}}},"branchMap":{},"s":{"0":1,"1":1,"2":1,"3":1,"4":1,"5":1,"6":1,"7":1,"8":1,"9":1},"f":{"0":1},"b":{}}
,"/Users/bertieblackman/Projects/personal/tv-shows-lambda/lib/constructs/get-lambda.ts": {"path":"/Users/bertieblackman/Projects/personal/tv-shows-lambda/lib/constructs/get-lambda.ts","statementMap":{"0":{"start":{"line":1,"column":0},"end":{"line":1,"column":63}},"1":{"start":{"line":2,"column":0},"end":{"line":2,"column":61}},"2":{"start":{"line":3,"column":0},"end":{"line":3,"column":55}},"3":{"start":{"line":4,"column":0},"end":{"line":4,"column":78}},"4":{"start":{"line":5,"column":0},"end":{"line":5,"column":57}},"5":{"start":{"line":6,"column":0},"end":{"line":6,"column":79}},"6":{"start":{"line":16,"column":4},"end":{"line":16,"column":null}},"7":{"start":{"line":18,"column":35},"end":{"line":18,"column":40}},"8":{"start":{"line":20,"column":22},"end":{"line":28,"column":6}},"9":{"start":{"line":30,"column":24},"end":{"line":34,"column":6}},"10":{"start":{"line":36,"column":19},"end":{"line":39,"column":6}},"11":{"start":{"line":41,"column":4},"end":{"line":44,"column":null}},"12":{"start":{"line":46,"column":18},"end":{"line":46,"column":50}},"13":{"start":{"line":47,"column":4},"end":{"line":47,"column":null}},"14":{"start":{"line":49,"column":17},"end":{"line":49,"column":94}},"15":{"start":{"line":51,"column":4},"end":{"line":56,"column":null}},"16":{"start":{"line":14,"column":0},"end":{"line":14,"column":13}}},"fnMap":{"0":{"name":"(anonymous_0)","decl":{"start":{"line":15,"column":2},"end":{"line":15,"column":14}},"loc":{"start":{"line":15,"column":69},"end":{"line":57,"column":3}}}},"branchMap":{},"s":{"0":1,"1":1,"2":1,"3":1,"4":1,"5":1,"6":1,"7":1,"8":1,"9":1,"10":1,"11":1,"12":1,"13":1,"14":1,"15":1,"16":1},"f":{"0":1},"b":{}}
}
