TN:
SF:lambda/constants/index.ts
FNF:0
FNH:0
DA:3,2
DA:5,2
LF:2
LH:2
BRF:0
BRH:0
end_of_record
TN:
SF:lambda/handlers/email.ts
FN:6,(anonymous_0)
FN:20,(anonymous_1)
FNF:2
FNH:2
FNDA:6,(anonymous_0)
FNDA:4,(anonymous_1)
DA:1,1
DA:2,1
DA:6,1
DA:7,6
DA:8,6
DA:10,6
DA:11,1
DA:14,5
DA:15,1
DA:18,4
DA:19,4
DA:20,4
DA:22,4
DA:24,0
LF:14
LH:13
BRDA:10,0,0,1
BRDA:10,0,1,5
BRDA:14,1,0,1
BRDA:14,1,1,4
BRF:4
BRH:4
end_of_record
TN:
SF:lambda/handlers/get.ts
FN:11,(anonymous_0)
FN:16,(anonymous_1)
FN:30,(anonymous_2)
FNF:3
FNH:3
FNDA:7,(anonymous_0)
FNDA:6,(anonymous_1)
FNDA:5,(anonymous_2)
DA:7,1
DA:8,1
DA:11,1
DA:15,7
DA:16,6
DA:18,3
DA:24,4
DA:30,1
DA:33,5
DA:35,5
DA:37,5
DA:38,5
DA:39,1
DA:42,4
DA:44,4
DA:59,1
LF:16
LH:16
BRDA:15,0,0,3
BRDA:15,0,1,4
BRDA:15,1,0,3
BRDA:15,1,1,4
BRDA:15,2,0,7
BRDA:15,2,1,7
BRDA:38,3,0,1
BRDA:38,3,1,4
BRF:8
BRH:8
end_of_record
TN:
SF:lambda/utils/generate-message-body.ts
FN:4,(anonymous_0)
FN:15,(anonymous_1)
FN:16,(anonymous_2)
FN:18,(anonymous_3)
FNF:4
FNH:4
FNDA:4,(anonymous_0)
FNDA:5,(anonymous_1)
FNDA:5,(anonymous_2)
FNDA:3,(anonymous_3)
DA:4,4
DA:5,4
DA:7,4
DA:8,1
DA:11,3
DA:12,1
DA:15,5
DA:16,5
DA:18,3
LF:9
LH:9
BRDA:7,0,0,1
BRDA:7,0,1,3
BRDA:7,1,0,4
BRDA:7,1,1,4
BRDA:11,2,0,1
BRDA:11,2,1,2
BRF:6
BRH:6
end_of_record
TN:
SF:lambda/utils/get-shows-with-details.ts
FN:10,(anonymous_1)
FN:12,(anonymous_2)
FNF:2
FNH:2
FNDA:3,(anonymous_1)
FNDA:3,(anonymous_2)
DA:1,4
DA:10,4
DA:11,3
DA:13,3
DA:14,3
DA:15,2
DA:16,2
DA:18,1
LF:8
LH:8
BRF:0
BRH:0
end_of_record
TN:
SF:lambda/utils/has-new-episode.ts
FN:4,(anonymous_0)
FNF:1
FNH:1
FNDA:2,(anonymous_0)
DA:1,4
DA:4,4
DA:5,2
LF:3
LH:3
BRF:0
BRH:0
end_of_record
TN:
SF:lambda/utils/index.ts
FN:6,(anonymous_0)
FN:6,(anonymous_1)
FN:6,(anonymous_2)
FN:6,(anonymous_3)
FNF:4
FNH:4
FNDA:3,(anonymous_0)
FNDA:1,(anonymous_1)
FNDA:2,(anonymous_2)
FNDA:4,(anonymous_3)
DA:1,4
DA:2,4
DA:3,4
DA:4,4
DA:6,8
LF:5
LH:5
BRF:0
BRH:0
end_of_record
TN:
SF:lambda/utils/send-email.ts
FN:4,(anonymous_0)
FNF:1
FNH:1
FNDA:1,(anonymous_0)
DA:1,4
DA:4,4
DA:5,1
DA:7,1
DA:20,1
LF:5
LH:5
BRF:0
BRH:0
end_of_record
TN:
SF:lib/tv-shows-lambda-stack.ts
FN:13,(anonymous_0)
FNF:1
FNH:1
FNDA:1,(anonymous_0)
DA:1,1
DA:2,1
DA:4,1
DA:5,1
DA:12,1
DA:14,1
DA:16,1
DA:18,1
DA:22,1
DA:29,1
DA:33,1
DA:39,1
LF:12
LH:12
BRF:0
BRH:0
end_of_record
TN:
SF:lib/constructs/email-lambda.ts
FN:14,(anonymous_0)
FNF:1
FNH:1
FNDA:1,(anonymous_0)
DA:1,1
DA:2,1
DA:3,1
DA:4,1
DA:13,1
DA:15,1
DA:17,1
DA:19,1
DA:30,1
DA:32,1
LF:10
LH:10
BRF:0
BRH:0
end_of_record
TN:
SF:lib/constructs/get-lambda.ts
FN:15,(anonymous_0)
FNF:1
FNH:1
FNDA:1,(anonymous_0)
DA:1,1
DA:2,1
DA:3,1
DA:4,1
DA:5,1
DA:6,1
DA:14,1
DA:16,1
DA:18,1
DA:20,1
DA:30,1
DA:36,1
DA:41,1
DA:46,1
DA:47,1
DA:49,1
DA:51,1
LF:17
LH:17
BRF:0
BRH:0
end_of_record
